[ 2024-09-29 18:26:51,499 ] 97 werkzeug - WARNING -  * Debugger is active!
[ 2024-09-29 18:26:51,499 ] 97 werkzeug - WARNING -  * Debugger is active!
[ 2024-09-29 18:26:51,506 ] 97 werkzeug - INFO -  * Debugger PIN: 379-281-516
[ 2024-09-29 18:26:51,508 ] 97 werkzeug - INFO -  * Debugger PIN: 379-281-516
[ 2024-09-29 18:26:51,770 ] 97 werkzeug - WARNING -  * Debugger is active!
[ 2024-09-29 18:26:51,777 ] 97 werkzeug - INFO -  * Debugger PIN: 379-281-516
[ 2024-09-29 18:26:56,021 ] 97 werkzeug - INFO -  * Detected change in 'C:\\Users\\HP\\anaconda3\\anacondasharmi\\Lib\\site-packages\\flask\\templating.py', reloading
[ 2024-09-29 18:26:56,021 ] 97 werkzeug - INFO -  * Detected change in 'C:\\Users\\HP\\anaconda3\\anacondasharmi\\Lib\\site-packages\\flask\\templating.py', reloading
[ 2024-09-29 18:26:56,037 ] 97 werkzeug - INFO -  * Detected change in 'C:\\Users\\HP\\anaconda3\\anacondasharmi\\Lib\\site-packages\\jinja2\\__init__.py', reloading
[ 2024-09-29 18:26:56,050 ] 97 werkzeug - INFO -  * Detected change in 'C:\\Users\\HP\\anaconda3\\anacondasharmi\\Lib\\site-packages\\jinja2\\environment.py', reloading
[ 2024-09-29 18:26:56,162 ] 97 werkzeug - INFO -  * Detected change in 'C:\\Users\\HP\\anaconda3\\anacondasharmi\\Lib\\site-packages\\flask\\typing.py', reloading
[ 2024-09-29 18:26:56,162 ] 97 werkzeug - INFO -  * Detected change in 'C:\\Users\\HP\\anaconda3\\anacondasharmi\\Lib\\site-packages\\flask\\typing.py', reloading
[ 2024-09-29 18:26:56,170 ] 97 werkzeug - INFO -  * Detected change in 'C:\\Users\\HP\\anaconda3\\anacondasharmi\\Lib\\site-packages\\werkzeug\\sansio\\response.py', reloading
[ 2024-09-29 18:26:56,170 ] 97 werkzeug - INFO -  * Detected change in 'C:\\Users\\HP\\anaconda3\\anacondasharmi\\Lib\\site-packages\\werkzeug\\sansio\\response.py', reloading
[ 2024-09-29 18:26:56,170 ] 97 werkzeug - INFO -  * Detected change in 'C:\\Users\\HP\\anaconda3\\anacondasharmi\\Lib\\site-packages\\werkzeug\\sansio\\response.py', reloading
[ 2024-09-29 18:26:56,195 ] 97 werkzeug - INFO -  * Detected change in 'C:\\Users\\HP\\anaconda3\\anacondasharmi\\Lib\\site-packages\\werkzeug\\datastructures\\__init__.py', reloading
[ 2024-09-29 18:26:56,195 ] 97 werkzeug - INFO -  * Detected change in 'C:\\Users\\HP\\anaconda3\\anacondasharmi\\Lib\\site-packages\\werkzeug\\datastructures\\__init__.py', reloading
[ 2024-09-29 18:26:56,195 ] 97 werkzeug - INFO -  * Detected change in 'C:\\Users\\HP\\anaconda3\\anacondasharmi\\Lib\\site-packages\\werkzeug\\datastructures\\__init__.py', reloading
[ 2024-09-29 18:26:56,237 ] 97 werkzeug - INFO -  * Detected change in 'C:\\Users\\HP\\anaconda3\\anacondasharmi\\Lib\\site-packages\\joblib\\__init__.py', reloading
[ 2024-09-29 18:26:56,237 ] 97 werkzeug - INFO -  * Detected change in 'C:\\Users\\HP\\anaconda3\\anacondasharmi\\Lib\\site-packages\\joblib\\__init__.py', reloading
[ 2024-09-29 18:26:56,237 ] 97 werkzeug - INFO -  * Detected change in 'C:\\Users\\HP\\anaconda3\\anacondasharmi\\Lib\\site-packages\\joblib\\__init__.py', reloading
[ 2024-09-29 18:26:56,747 ] 97 werkzeug - INFO -  * Detected change in 'C:\\Users\\HP\\anaconda3\\anacondasharmi\\Lib\\pickle.py', reloading
[ 2024-09-29 18:26:56,796 ] 97 werkzeug - INFO -  * Detected change in 'C:\\Users\\HP\\anaconda3\\anacondasharmi\\Lib\\site-packages\\scipy\\sparse\\__init__.py', reloading
[ 2024-09-29 18:26:56,811 ] 97 werkzeug - INFO -  * Detected change in 'C:\\Users\\HP\\anaconda3\\anacondasharmi\\Lib\\site-packages\\scipy\\sparse\\_base.py', reloading
