[ 2024-10-02 10:46:29,173 ] 97 werkzeug - WARNING -  * Debugger is active!
[ 2024-10-02 10:46:29,181 ] 97 werkzeug - INFO -  * Debugger PIN: 379-281-516
[ 2024-10-02 10:46:29,217 ] 97 werkzeug - WARNING -  * Debugger is active!
[ 2024-10-02 10:46:29,231 ] 97 werkzeug - INFO -  * Debugger PIN: 379-281-516
[ 2024-10-02 10:46:29,242 ] 97 werkzeug - WARNING -  * Debugger is active!
[ 2024-10-02 10:46:29,254 ] 97 werkzeug - INFO -  * Debugger PIN: 379-281-516
[ 2024-10-02 10:46:50,252 ] 97 werkzeug - INFO - 127.0.0.1 - - [02/Oct/2024 10:46:50] "GET /predictdata HTTP/1.1" 200 -
[ 2024-10-02 10:46:50,402 ] 97 werkzeug - INFO - 127.0.0.1 - - [02/Oct/2024 10:46:50] "[33mGET /favicon.ico HTTP/1.1[0m" 404 -
[ 2024-10-02 10:46:54,897 ] 97 werkzeug - INFO - 127.0.0.1 - - [02/Oct/2024 10:46:54] "GET / HTTP/1.1" 200 -
[ 2024-10-02 10:47:00,559 ] 97 werkzeug - INFO - 127.0.0.1 - - [02/Oct/2024 10:47:00] "GET /predictdata HTTP/1.1" 200 -
[ 2024-10-02 11:25:08,884 ] 97 werkzeug - INFO -  * Detected change in 'D:\\DATA_SCIENCE_PROJECTS\\student_prediction_marks\\src\\pipeline\\predict_pipeline.py', reloading
[ 2024-10-02 11:25:08,884 ] 97 werkzeug - INFO -  * Detected change in 'D:\\DATA_SCIENCE_PROJECTS\\student_prediction_marks\\src\\pipeline\\predict_pipeline.py', reloading
[ 2024-10-02 11:25:08,884 ] 97 werkzeug - INFO -  * Detected change in 'D:\\DATA_SCIENCE_PROJECTS\\student_prediction_marks\\src\\pipeline\\predict_pipeline.py', reloading
[ 2024-10-02 11:25:08,900 ] 97 werkzeug - INFO -  * Detected change in 'C:\\Users\\HP\\anaconda3\\anacondasharmi\\Lib\\site-packages\\flask\\__init__.py', reloading
[ 2024-10-02 11:25:08,919 ] 97 werkzeug - INFO -  * Detected change in 'C:\\Users\\HP\\anaconda3\\anacondasharmi\\Lib\\site-packages\\flask\\app.py', reloading
[ 2024-10-02 11:25:08,919 ] 97 werkzeug - INFO -  * Detected change in 'C:\\Users\\HP\\anaconda3\\anacondasharmi\\Lib\\site-packages\\flask\\app.py', reloading
[ 2024-10-02 11:25:08,986 ] 97 werkzeug - INFO -  * Detected change in 'C:\\Users\\HP\\anaconda3\\anacondasharmi\\Lib\\site-packages\\flask\\sansio\\app.py', reloading
[ 2024-10-02 11:25:09,011 ] 97 werkzeug - INFO -  * Detected change in 'C:\\Users\\HP\\anaconda3\\anacondasharmi\\Lib\\site-packages\\flask\\sansio\\scaffold.py', reloading
[ 2024-10-02 11:25:09,073 ] 97 werkzeug - INFO -  * Detected change in 'C:\\Users\\HP\\anaconda3\\anacondasharmi\\Lib\\site-packages\\flask\\globals.py', reloading
[ 2024-10-02 11:25:09,073 ] 97 werkzeug - INFO -  * Detected change in 'C:\\Users\\HP\\anaconda3\\anacondasharmi\\Lib\\site-packages\\flask\\globals.py', reloading
[ 2024-10-02 11:25:09,081 ] 97 werkzeug - INFO -  * Detected change in 'C:\\Users\\HP\\anaconda3\\anacondasharmi\\Lib\\site-packages\\flask\\wrappers.py', reloading
[ 2024-10-02 11:25:09,081 ] 97 werkzeug - INFO -  * Detected change in 'C:\\Users\\HP\\anaconda3\\anacondasharmi\\Lib\\site-packages\\flask\\wrappers.py', reloading
[ 2024-10-02 11:25:09,081 ] 97 werkzeug - INFO -  * Detected change in 'C:\\Users\\HP\\anaconda3\\anacondasharmi\\Lib\\site-packages\\werkzeug\\wrappers\\__init__.py', reloading
[ 2024-10-02 11:25:09,081 ] 97 werkzeug - INFO -  * Detected change in 'C:\\Users\\HP\\anaconda3\\anacondasharmi\\Lib\\site-packages\\werkzeug\\wrappers\\__init__.py', reloading
[ 2024-10-02 11:25:09,091 ] 97 werkzeug - INFO -  * Detected change in 'C:\\Users\\HP\\anaconda3\\anacondasharmi\\Lib\\site-packages\\werkzeug\\wrappers\\request.py', reloading
[ 2024-10-02 11:25:09,091 ] 97 werkzeug - INFO -  * Detected change in 'C:\\Users\\HP\\anaconda3\\anacondasharmi\\Lib\\site-packages\\werkzeug\\wrappers\\request.py', reloading
[ 2024-10-02 11:25:09,091 ] 97 werkzeug - INFO -  * Detected change in 'C:\\Users\\HP\\anaconda3\\anacondasharmi\\Lib\\site-packages\\werkzeug\\sansio\\request.py', reloading
[ 2024-10-02 11:25:09,121 ] 97 werkzeug - INFO -  * Detected change in 'C:\\Users\\HP\\anaconda3\\anacondasharmi\\Lib\\site-packages\\werkzeug\\utils.py', reloading
[ 2024-10-02 11:25:09,121 ] 97 werkzeug - INFO -  * Detected change in 'C:\\Users\\HP\\anaconda3\\anacondasharmi\\Lib\\site-packages\\werkzeug\\utils.py', reloading
[ 2024-10-02 11:25:09,184 ] 97 werkzeug - INFO -  * Detected change in 'C:\\Users\\HP\\anaconda3\\anacondasharmi\\Lib\\site-packages\\werkzeug\\_internal.py', reloading
[ 2024-10-02 11:25:09,184 ] 97 werkzeug - INFO -  * Detected change in 'C:\\Users\\HP\\anaconda3\\anacondasharmi\\Lib\\site-packages\\werkzeug\\_internal.py', reloading
[ 2024-10-02 11:25:09,200 ] 97 werkzeug - INFO -  * Detected change in 'C:\\Users\\HP\\anaconda3\\anacondasharmi\\Lib\\site-packages\\werkzeug\\datastructures\\__init__.py', reloading
