[ 2024-10-02 10:06:38,464 ] 97 werkzeug - WARNING -  * Debugger is active!
[ 2024-10-02 10:06:38,470 ] 97 werkzeug - INFO -  * Debugger PIN: 379-281-516
[ 2024-10-02 10:06:38,973 ] 97 werkzeug - INFO -  * Detected change in 'C:\\Users\\HP\\anaconda3\\anacondasharmi\\Lib\\concurrent\\__init__.py', reloading
[ 2024-10-02 10:06:38,978 ] 97 werkzeug - INFO -  * Detected change in 'C:\\Users\\HP\\anaconda3\\anacondasharmi\\Lib\\idlelib\\__init__.py', reloading
[ 2024-10-02 10:06:38,983 ] 97 werkzeug - INFO -  * Detected change in 'C:\\Users\\HP\\anaconda3\\anacondasharmi\\Lib\\lib2to3\\__init__.py', reloading
[ 2024-10-02 10:06:38,989 ] 97 werkzeug - INFO -  * Detected change in 'C:\\Users\\HP\\anaconda3\\anacondasharmi\\Lib\\test\\__init__.py', reloading
[ 2024-10-02 10:06:38,994 ] 97 werkzeug - INFO -  * Detected change in 'C:\\Users\\HP\\anaconda3\\anacondasharmi\\Lib\\turtledemo\\__init__.py', reloading
[ 2024-10-02 10:06:38,997 ] 97 werkzeug - INFO -  * Detected change in 'C:\\Users\\HP\\anaconda3\\anacondasharmi\\Lib\\wsgiref\\__init__.py', reloading
[ 2024-10-02 10:06:39,002 ] 97 werkzeug - INFO -  * Detected change in 'C:\\Users\\HP\\anaconda3\\anacondasharmi\\Lib\\xmlrpc\\__init__.py', reloading
[ 2024-10-02 10:06:39,007 ] 97 werkzeug - INFO -  * Detected change in 'C:\\Users\\HP\\anaconda3\\anacondasharmi\\Lib\\__phello__\\__init__.py', reloading
[ 2024-10-02 10:06:39,017 ] 97 werkzeug - INFO -  * Detected change in 'C:\\Users\\HP\\anaconda3\\anacondasharmi\\Lib\\site-packages\\adodbapi\\__init__.py', reloading
[ 2024-10-02 10:06:39,020 ] 97 werkzeug - INFO -  * Detected change in 'C:\\Users\\HP\\anaconda3\\anacondasharmi\\Lib\\site-packages\\aiobotocore\\__init__.py', reloading
[ 2024-10-02 10:06:39,026 ] 97 werkzeug - INFO -  * Detected change in 'C:\\Users\\HP\\anaconda3\\anacondasharmi\\Lib\\site-packages\\alabaster\\__init__.py', reloading
[ 2024-10-02 10:06:39,026 ] 97 werkzeug - INFO -  * Detected change in 'C:\\Users\\HP\\anaconda3\\anacondasharmi\\Lib\\site-packages\\anaconda_anon_usage\\__init__.py', reloading
[ 2024-10-02 10:06:39,037 ] 97 werkzeug - INFO -  * Detected change in 'C:\\Users\\HP\\anaconda3\\anacondasharmi\\Lib\\site-packages\\anaconda_navigator\\__init__.py', reloading
[ 2024-10-02 10:06:39,042 ] 97 werkzeug - INFO -  * Detected change in 'C:\\Users\\HP\\anaconda3\\anacondasharmi\\Lib\\site-packages\\anaconda_project\\__init__.py', reloading
[ 2024-10-02 10:06:39,045 ] 97 werkzeug - INFO -  * Detected change in 'C:\\Users\\HP\\anaconda3\\anacondasharmi\\Lib\\site-packages\\archspec\\__init__.py', reloading
[ 2024-10-02 10:06:39,054 ] 97 werkzeug - INFO -  * Detected change in 'C:\\Users\\HP\\anaconda3\\anacondasharmi\\Lib\\site-packages\\astropy\\__init__.py', reloading
[ 2024-10-02 10:06:39,061 ] 97 werkzeug - INFO -  * Detected change in 'C:\\Users\\HP\\anaconda3\\anacondasharmi\\Lib\\site-packages\\asttokens\\__init__.py', reloading
[ 2024-10-02 10:06:39,069 ] 97 werkzeug - INFO -  * Detected change in 'C:\\Users\\HP\\anaconda3\\anacondasharmi\\Lib\\site-packages\\atomicwrites\\__init__.py', reloading
[ 2024-10-02 10:06:39,069 ] 97 werkzeug - INFO -  * Detected change in 'C:\\Users\\HP\\anaconda3\\anacondasharmi\\Lib\\site-packages\\babel\\__init__.py', reloading
[ 2024-10-02 10:06:39,081 ] 97 werkzeug - INFO -  * Detected change in 'C:\\Users\\HP\\anaconda3\\anacondasharmi\\Lib\\site-packages\\binaryornot\\__init__.py', reloading
[ 2024-10-02 10:06:39,083 ] 97 werkzeug - INFO -  * Detected change in 'C:\\Users\\HP\\anaconda3\\anacondasharmi\\Lib\\site-packages\\binstar_client\\__init__.py', reloading
[ 2024-10-02 10:06:39,097 ] 97 werkzeug - INFO -  * Detected change in 'C:\\Users\\HP\\anaconda3\\anacondasharmi\\Lib\\site-packages\\blackd\\__init__.py', reloading
[ 2024-10-02 10:06:39,099 ] 97 werkzeug - INFO -  * Detected change in 'C:\\Users\\HP\\anaconda3\\anacondasharmi\\Lib\\site-packages\\blib2to3\\__init__.py', reloading
[ 2024-10-02 10:06:39,110 ] 97 werkzeug - INFO -  * Detected change in 'C:\\Users\\HP\\anaconda3\\anacondasharmi\\Lib\\site-packages\\botocore\\__init__.py', reloading
[ 2024-10-02 10:06:39,115 ] 97 werkzeug - INFO -  * Detected change in 'C:\\Users\\HP\\anaconda3\\anacondasharmi\\Lib\\site-packages\\bottleneck\\__init__.py', reloading
[ 2024-10-02 10:06:39,118 ] 97 werkzeug - INFO -  * Detected change in 'C:\\Users\\HP\\anaconda3\\anacondasharmi\\Lib\\site-packages\\cloudpickle\\__init__.py', reloading
[ 2024-10-02 10:06:39,144 ] 97 werkzeug - INFO -  * Detected change in 'C:\\Users\\HP\\anaconda3\\anacondasharmi\\Lib\\site-packages\\colorcet\\__init__.py', reloading
[ 2024-10-02 10:06:39,144 ] 97 werkzeug - INFO -  * Detected change in 'C:\\Users\\HP\\anaconda3\\anacondasharmi\\Lib\\site-packages\\conda_content_trust\\__init__.py', reloading
[ 2024-10-02 10:06:39,160 ] 97 werkzeug - INFO -  * Detected change in 'C:\\Users\\HP\\anaconda3\\anacondasharmi\\Lib\\site-packages\\conda_env\\__init__.py', reloading
[ 2024-10-02 10:06:39,162 ] 97 werkzeug - INFO -  * Detected change in 'C:\\Users\\HP\\anaconda3\\anacondasharmi\\Lib\\site-packages\\conda_index\\__init__.py', reloading
[ 2024-10-02 10:06:39,166 ] 97 werkzeug - INFO -  * Detected change in 'C:\\Users\\HP\\anaconda3\\anacondasharmi\\Lib\\site-packages\\conda_libmamba_solver\\__init__.py', reloading
[ 2024-10-02 10:06:39,175 ] 97 werkzeug - INFO -  * Detected change in 'C:\\Users\\HP\\anaconda3\\anacondasharmi\\Lib\\site-packages\\conda_pack\\__init__.py', reloading
[ 2024-10-02 10:06:39,177 ] 97 werkzeug - INFO -  * Detected change in 'C:\\Users\\HP\\anaconda3\\anacondasharmi\\Lib\\site-packages\\conda_package_handling\\__init__.py', reloading
[ 2024-10-02 10:06:39,182 ] 97 werkzeug - INFO -  * Detected change in 'C:\\Users\\HP\\anaconda3\\anacondasharmi\\Lib\\site-packages\\conda_package_streaming\\__init__.py', reloading
[ 2024-10-02 10:06:39,185 ] 97 werkzeug - INFO -  * Detected change in 'C:\\Users\\HP\\anaconda3\\anacondasharmi\\Lib\\site-packages\\conda_token\\__init__.py', reloading
[ 2024-10-02 10:06:39,191 ] 97 werkzeug - INFO -  * Detected change in 'C:\\Users\\HP\\anaconda3\\anacondasharmi\\Lib\\site-packages\\cookiecutter\\__init__.py', reloading
[ 2024-10-02 10:06:39,197 ] 97 werkzeug - INFO -  * Detected change in 'C:\\Users\\HP\\anaconda3\\anacondasharmi\\Lib\\site-packages\\cpuinfo\\__init__.py', reloading
[ 2024-10-02 10:06:39,199 ] 97 werkzeug - INFO -  * Detected change in 'C:\\Users\\HP\\anaconda3\\anacondasharmi\\Lib\\site-packages\\curl\\__init__.py', reloading
[ 2024-10-02 10:06:39,207 ] 97 werkzeug - INFO -  * Detected change in 'C:\\Users\\HP\\anaconda3\\anacondasharmi\\Lib\\site-packages\\cytoolz\\__init__.py', reloading
[ 2024-10-02 10:06:39,213 ] 97 werkzeug - INFO -  * Detected change in 'C:\\Users\\HP\\anaconda3\\anacondasharmi\\Lib\\site-packages\\dask_expr\\__init__.py', reloading
[ 2024-10-02 10:06:39,223 ] 97 werkzeug - INFO -  * Detected change in 'C:\\Users\\HP\\anaconda3\\anacondasharmi\\Lib\\site-packages\\datashader\\__init__.py', reloading
[ 2024-10-02 10:06:39,226 ] 97 werkzeug - INFO -  * Detected change in 'C:\\Users\\HP\\anaconda3\\anacondasharmi\\Lib\\site-packages\\diff_match_patch\\__init__.py', reloading
[ 2024-10-02 10:06:39,231 ] 97 werkzeug - INFO -  * Detected change in 'C:\\Users\\HP\\anaconda3\\anacondasharmi\\Lib\\site-packages\\dill\\__init__.py', reloading
[ 2024-10-02 10:06:39,240 ] 97 werkzeug - INFO -  * Detected change in 'C:\\Users\\HP\\anaconda3\\anacondasharmi\\Lib\\site-packages\\erfa\\__init__.py', reloading
[ 2024-10-02 10:06:39,244 ] 97 werkzeug - INFO -  * Detected change in 'C:\\Users\\HP\\anaconda3\\anacondasharmi\\Lib\\site-packages\\et_xmlfile\\__init__.py', reloading
[ 2024-10-02 10:06:39,249 ] 97 werkzeug - INFO -  * Detected change in 'C:\\Users\\HP\\anaconda3\\anacondasharmi\\Lib\\site-packages\\gensim\\__init__.py', reloading
[ 2024-10-02 10:06:39,255 ] 97 werkzeug - INFO -  * Detected change in 'C:\\Users\\HP\\anaconda3\\anacondasharmi\\Lib\\site-packages\\gitdb\\__init__.py', reloading
[ 2024-10-02 10:06:39,262 ] 97 werkzeug - INFO -  * Detected change in 'C:\\Users\\HP\\anaconda3\\anacondasharmi\\Lib\\site-packages\\h5py\\__init__.py', reloading
[ 2024-10-02 10:06:39,277 ] 97 werkzeug - INFO -  * Detected change in 'C:\\Users\\HP\\anaconda3\\anacondasharmi\\Lib\\site-packages\\hvplot\\__init__.py', reloading
[ 2024-10-02 10:06:39,287 ] 97 werkzeug - INFO -  * Detected change in 'C:\\Users\\HP\\anaconda3\\anacondasharmi\\Lib\\site-packages\\intervaltree\\__init__.py', reloading
[ 2024-10-02 10:06:39,291 ] 97 werkzeug - INFO -  * Detected change in 'C:\\Users\\HP\\anaconda3\\anacondasharmi\\Lib\\site-packages\\ipython_genutils\\__init__.py', reloading
[ 2024-10-02 10:06:39,297 ] 97 werkzeug - INFO -  * Detected change in 'C:\\Users\\HP\\anaconda3\\anacondasharmi\\Lib\\site-packages\\ipywidgets\\__init__.py', reloading
[ 2024-10-02 10:06:39,302 ] 97 werkzeug - INFO -  * Detected change in 'C:\\Users\\HP\\anaconda3\\anacondasharmi\\Lib\\site-packages\\itemadapter\\__init__.py', reloading
[ 2024-10-02 10:06:39,314 ] 97 werkzeug - INFO -  * Detected change in 'C:\\Users\\HP\\anaconda3\\anacondasharmi\\Lib\\site-packages\\itemloaders\\__init__.py', reloading
[ 2024-10-02 10:06:39,319 ] 97 werkzeug - INFO -  * Detected change in 'C:\\Users\\HP\\anaconda3\\anacondasharmi\\Lib\\site-packages\\jedi\\__init__.py', reloading
[ 2024-10-02 10:06:39,319 ] 97 werkzeug - INFO -  * Detected change in 'C:\\Users\\HP\\anaconda3\\anacondasharmi\\Lib\\site-packages\\jupyterlab\\__init__.py', reloading
[ 2024-10-02 10:06:39,334 ] 97 werkzeug - INFO -  * Detected change in 'C:\\Users\\HP\\anaconda3\\anacondasharmi\\Lib\\site-packages\\jupyterlab_plotly\\__init__.py', reloading
[ 2024-10-02 10:06:39,338 ] 97 werkzeug - INFO -  * Detected change in 'C:\\Users\\HP\\anaconda3\\anacondasharmi\\Lib\\site-packages\\jupyterlab_pygments\\__init__.py', reloading
[ 2024-10-02 10:06:39,343 ] 97 werkzeug - INFO -  * Detected change in 'C:\\Users\\HP\\anaconda3\\anacondasharmi\\Lib\\site-packages\\jupyterlab_widgets\\__init__.py', reloading
[ 2024-10-02 10:06:39,353 ] 97 werkzeug - INFO -  * Detected change in 'C:\\Users\\HP\\anaconda3\\anacondasharmi\\Lib\\site-packages\\jupyter_console\\__init__.py', reloading
[ 2024-10-02 10:06:39,357 ] 97 werkzeug - INFO -  * Detected change in 'C:\\Users\\HP\\anaconda3\\anacondasharmi\\Lib\\site-packages\\jupyter_lsp\\__init__.py', reloading
[ 2024-10-02 10:06:39,357 ] 97 werkzeug - INFO -  * Detected change in 'C:\\Users\\HP\\anaconda3\\anacondasharmi\\Lib\\site-packages\\lckr_jupyterlab_variableinspector\\__init__.py', reloading
[ 2024-10-02 10:06:39,373 ] 97 werkzeug - INFO -  * Detected change in 'C:\\Users\\HP\\anaconda3\\anacondasharmi\\Lib\\site-packages\\libmambapy\\__init__.py', reloading
[ 2024-10-02 10:06:39,378 ] 97 werkzeug - INFO -  * Detected change in 'C:\\Users\\HP\\anaconda3\\anacondasharmi\\Lib\\site-packages\\linkify_it\\__init__.py', reloading
[ 2024-10-02 10:06:39,383 ] 97 werkzeug - INFO -  * Detected change in 'C:\\Users\\HP\\anaconda3\\anacondasharmi\\Lib\\site-packages\\llvmlite\\__init__.py', reloading
[ 2024-10-02 10:06:39,389 ] 97 werkzeug - INFO -  * Detected change in 'C:\\Users\\HP\\anaconda3\\anacondasharmi\\Lib\\site-packages\\lxml\\__init__.py', reloading
[ 2024-10-02 10:06:39,392 ] 97 werkzeug - INFO -  * Detected change in 'C:\\Users\\HP\\anaconda3\\anacondasharmi\\Lib\\site-packages\\lz4\\__init__.py', reloading
[ 2024-10-02 10:06:39,403 ] 97 werkzeug - INFO -  * Detected change in 'C:\\Users\\HP\\anaconda3\\anacondasharmi\\Lib\\site-packages\\matplotlib_inline\\__init__.py', reloading
[ 2024-10-02 10:06:39,408 ] 97 werkzeug - INFO -  * Detected change in 'C:\\Users\\HP\\anaconda3\\anacondasharmi\\Lib\\site-packages\\mkl\\__init__.py', reloading
[ 2024-10-02 10:06:39,420 ] 97 werkzeug - INFO -  * Detected change in 'C:\\Users\\HP\\anaconda3\\anacondasharmi\\Lib\\site-packages\\mpmath\\__init__.py', reloading
