[ 2024-09-28 21:00:22,430 ] 97 werkzeug - WARNING -  * Debugger is active!
[ 2024-09-28 21:00:22,437 ] 97 werkzeug - WARNING -  * Debugger is active!
[ 2024-09-28 21:00:22,442 ] 97 werkzeug - WARNING -  * Debugger is active!
[ 2024-09-28 21:00:22,450 ] 97 werkzeug - INFO -  * Debugger PIN: 379-281-516
[ 2024-09-28 21:00:22,450 ] 97 werkzeug - INFO -  * Debugger PIN: 379-281-516
[ 2024-09-28 21:00:22,453 ] 97 werkzeug - INFO -  * Debugger PIN: 379-281-516
[ 2024-09-28 21:00:22,478 ] 97 werkzeug - WARNING -  * Debugger is active!
[ 2024-09-28 21:00:22,481 ] 97 werkzeug - WARNING -  * Debugger is active!
[ 2024-09-28 21:00:22,486 ] 97 werkzeug - INFO -  * Debugger PIN: 379-281-516
[ 2024-09-28 21:00:22,495 ] 97 werkzeug - WARNING -  * Debugger is active!
[ 2024-09-28 21:00:22,496 ] 97 werkzeug - INFO -  * Debugger PIN: 379-281-516
[ 2024-09-28 21:00:22,509 ] 97 werkzeug - INFO -  * Debugger PIN: 379-281-516
[ 2024-09-28 21:02:56,539 ] 97 werkzeug - INFO -  * Detected change in 'C:\\Users\\HP\\anaconda3\\anacondasharmi\\Lib\\site-packages\\sklearn\\utils\\metaestimators.py', reloading
[ 2024-09-28 21:02:56,539 ] 97 werkzeug - INFO -  * Detected change in 'C:\\Users\\HP\\anaconda3\\anacondasharmi\\Lib\\site-packages\\sklearn\\utils\\metaestimators.py', reloading
[ 2024-09-28 21:02:56,541 ] 97 werkzeug - INFO -  * Detected change in 'C:\\Users\\HP\\anaconda3\\anacondasharmi\\Lib\\site-packages\\sklearn\\utils\\metaestimators.py', reloading
[ 2024-09-28 21:02:56,603 ] 97 werkzeug - INFO -  * Detected change in 'C:\\Users\\HP\\anaconda3\\anacondasharmi\\Lib\\site-packages\\sklearn\\utils\\_estimator_html_repr.py', reloading
[ 2024-09-28 21:02:56,603 ] 97 werkzeug - INFO -  * Detected change in 'C:\\Users\\HP\\anaconda3\\anacondasharmi\\Lib\\site-packages\\sklearn\\utils\\_estimator_html_repr.py', reloading
[ 2024-09-28 21:02:56,633 ] 97 werkzeug - INFO -  * Detected change in 'C:\\Users\\HP\\anaconda3\\anacondasharmi\\Lib\\site-packages\\sklearn\\utils\\_metadata_requests.py', reloading
[ 2024-09-28 21:02:56,633 ] 97 werkzeug - INFO -  * Detected change in 'C:\\Users\\HP\\anaconda3\\anacondasharmi\\Lib\\site-packages\\sklearn\\utils\\_metadata_requests.py', reloading
[ 2024-09-28 21:02:56,633 ] 97 werkzeug - INFO -  * Detected change in 'C:\\Users\\HP\\anaconda3\\anacondasharmi\\Lib\\site-packages\\sklearn\\utils\\_metadata_requests.py', reloading
