[ 2024-10-02 09:41:31,934 ] 97 werkzeug - WARNING -  * Debugger is active!
[ 2024-10-02 09:41:31,934 ] 97 werkzeug - INFO -  * Debugger PIN: 379-281-516
[ 2024-10-02 09:41:35,916 ] 97 werkzeug - INFO - 127.0.0.1 - - [02/Oct/2024 09:41:35] "GET / HTTP/1.1" 200 -
[ 2024-10-02 09:42:23,936 ] 97 werkzeug - INFO - 127.0.0.1 - - [02/Oct/2024 09:42:23] "POST / HTTP/1.1" 200 -
[ 2024-10-02 09:52:28,131 ] 97 werkzeug - INFO - 127.0.0.1 - - [02/Oct/2024 09:52:28] "POST / HTTP/1.1" 200 -
[ 2024-10-02 10:00:05,651 ] 97 werkzeug - INFO -  * Detected change in 'd:\\data_science_projects\\student_prediction_marks\\model_check.py', reloading
[ 2024-10-02 10:00:05,651 ] 97 werkzeug - INFO -  * Detected change in 'D:\\DATA_SCIENCE_PROJECTS\\student_prediction_marks\\model_check.py', reloading
[ 2024-10-02 10:00:05,651 ] 97 werkzeug - INFO -  * Detected change in 'd:\\data_science_projects\\student_prediction_marks\\setup.py', reloading
[ 2024-10-02 10:00:05,651 ] 97 werkzeug - INFO -  * Detected change in 'D:\\DATA_SCIENCE_PROJECTS\\student_prediction_marks\\setup.py', reloading
[ 2024-10-02 10:00:05,712 ] 97 werkzeug - INFO -  * Detected change in 'd:\\data_science_projects\\student_prediction_marks\\src\\logger.py', reloading
[ 2024-10-02 10:00:05,712 ] 97 werkzeug - INFO -  * Detected change in 'D:\\DATA_SCIENCE_PROJECTS\\student_prediction_marks\\src\\logger.py', reloading
[ 2024-10-02 10:00:05,712 ] 97 werkzeug - INFO -  * Detected change in 'd:\\data_science_projects\\student_prediction_marks\\src\\exception.py', reloading
[ 2024-10-02 10:00:05,712 ] 97 werkzeug - INFO -  * Detected change in 'd:\\data_science_projects\\student_prediction_marks\\src\\utils.py', reloading
[ 2024-10-02 10:00:05,714 ] 97 werkzeug - INFO -  * Detected change in 'D:\\DATA_SCIENCE_PROJECTS\\student_prediction_marks\\src\\exception.py', reloading
[ 2024-10-02 10:00:05,714 ] 97 werkzeug - INFO -  * Detected change in 'd:\\data_science_projects\\student_prediction_marks\\src\\components\\data_transformation.py', reloading
[ 2024-10-02 10:00:05,714 ] 97 werkzeug - INFO -  * Detected change in 'D:\\DATA_SCIENCE_PROJECTS\\student_prediction_marks\\src\\utils.py', reloading
[ 2024-10-02 10:00:05,714 ] 97 werkzeug - INFO -  * Detected change in 'd:\\data_science_projects\\student_prediction_marks\\src\\components\\model_training.py', reloading
[ 2024-10-02 10:00:05,714 ] 97 werkzeug - INFO -  * Detected change in 'D:\\DATA_SCIENCE_PROJECTS\\student_prediction_marks\\src\\components\\data_transformation.py', reloading
[ 2024-10-02 10:00:05,716 ] 97 werkzeug - INFO -  * Detected change in 'd:\\data_science_projects\\student_prediction_marks\\src\\components\\data_ingetsion.py', reloading
[ 2024-10-02 10:00:05,716 ] 97 werkzeug - INFO -  * Detected change in 'D:\\DATA_SCIENCE_PROJECTS\\student_prediction_marks\\src\\components\\model_training.py', reloading
[ 2024-10-02 10:00:05,716 ] 97 werkzeug - INFO -  * Detected change in 'd:\\data_science_projects\\student_prediction_marks\\src\\pipeline\\predict_pipeline.py', reloading
[ 2024-10-02 10:00:05,716 ] 97 werkzeug - INFO -  * Detected change in 'D:\\DATA_SCIENCE_PROJECTS\\student_prediction_marks\\src\\components\\data_ingetsion.py', reloading
[ 2024-10-02 10:00:05,716 ] 97 werkzeug - INFO -  * Detected change in 'D:\\DATA_SCIENCE_PROJECTS\\student_prediction_marks\\src\\pipeline\\predict_pipeline.py', reloading
