[ 2024-09-28 20:38:06,202 ] 97 werkzeug - WARNING -  * Debugger is active!
[ 2024-09-28 20:38:06,214 ] 97 werkzeug - INFO -  * Debugger PIN: 379-281-516
[ 2024-09-28 20:38:06,217 ] 97 werkzeug - WARNING -  * Debugger is active!
[ 2024-09-28 20:38:06,229 ] 97 werkzeug - INFO -  * Debugger PIN: 379-281-516
[ 2024-09-28 20:38:06,482 ] 97 werkzeug - WARNING -  * Debugger is active!
[ 2024-09-28 20:38:06,496 ] 97 werkzeug - INFO -  * Debugger PIN: 379-281-516
[ 2024-09-28 20:39:14,822 ] 97 werkzeug - INFO -  * Detected change in 'C:\\Users\\HP\\anaconda3\\anacondasharmi\\Lib\\site-packages\\numpy\\_typing\\__init__.py', reloading
[ 2024-09-28 20:39:14,822 ] 97 werkzeug - INFO -  * Detected change in 'C:\\Users\\HP\\anaconda3\\anacondasharmi\\Lib\\site-packages\\numpy\\_typing\\__init__.py', reloading
[ 2024-09-28 20:39:14,825 ] 97 werkzeug - INFO -  * Detected change in 'C:\\Users\\HP\\anaconda3\\anacondasharmi\\Lib\\site-packages\\numpy\\_typing\\__init__.py', reloading
[ 2024-09-28 20:39:14,836 ] 97 werkzeug - INFO -  * Detected change in 'C:\\Users\\HP\\anaconda3\\anacondasharmi\\Lib\\site-packages\\numpy\\_utils\\__init__.py', reloading
[ 2024-09-28 20:39:14,836 ] 97 werkzeug - INFO -  * Detected change in 'C:\\Users\\HP\\anaconda3\\anacondasharmi\\Lib\\site-packages\\numpy\\_utils\\__init__.py', reloading
[ 2024-09-28 20:39:14,884 ] 97 werkzeug - INFO -  * Detected change in 'C:\\Users\\HP\\anaconda3\\anacondasharmi\\Lib\\site-packages\\numpy\\typing\\__init__.py', reloading
[ 2024-09-28 20:39:14,884 ] 97 werkzeug - INFO -  * Detected change in 'C:\\Users\\HP\\anaconda3\\anacondasharmi\\Lib\\site-packages\\numpy\\typing\\__init__.py', reloading
[ 2024-09-28 20:39:14,884 ] 97 werkzeug - INFO -  * Detected change in 'C:\\Users\\HP\\anaconda3\\anacondasharmi\\Lib\\site-packages\\numpy\\typing\\__init__.py', reloading
[ 2024-09-28 20:39:14,891 ] 97 werkzeug - INFO -  * Detected change in 'C:\\Users\\HP\\anaconda3\\anacondasharmi\\Lib\\site-packages\\numpy\\_typing\\_array_like.py', reloading
[ 2024-09-28 20:39:14,891 ] 97 werkzeug - INFO -  * Detected change in 'C:\\Users\\HP\\anaconda3\\anacondasharmi\\Lib\\site-packages\\numpy\\_typing\\_array_like.py', reloading
[ 2024-09-28 20:39:14,900 ] 97 werkzeug - INFO -  * Detected change in 'C:\\Users\\HP\\anaconda3\\anacondasharmi\\Lib\\site-packages\\numpy\\_typing\\_nested_sequence.py', reloading
[ 2024-09-28 20:39:14,900 ] 97 werkzeug - INFO -  * Detected change in 'C:\\Users\\HP\\anaconda3\\anacondasharmi\\Lib\\site-packages\\numpy\\_typing\\_nested_sequence.py', reloading
[ 2024-09-28 20:39:14,900 ] 97 werkzeug - INFO -  * Detected change in 'C:\\Users\\HP\\anaconda3\\anacondasharmi\\Lib\\site-packages\\numpy\\_typing\\_nested_sequence.py', reloading
[ 2024-09-28 20:39:14,979 ] 97 werkzeug - INFO -  * Detected change in 'C:\\Users\\HP\\anaconda3\\anacondasharmi\\Lib\\site-packages\\joblib\\__init__.py', reloading
[ 2024-09-28 20:39:14,983 ] 97 werkzeug - INFO -  * Detected change in 'C:\\Users\\HP\\anaconda3\\anacondasharmi\\Lib\\site-packages\\joblib\\__init__.py', reloading
[ 2024-09-28 20:39:14,988 ] 97 werkzeug - INFO -  * Detected change in 'C:\\Users\\HP\\anaconda3\\anacondasharmi\\Lib\\site-packages\\joblib\\memory.py', reloading
[ 2024-09-28 20:39:14,988 ] 97 werkzeug - INFO -  * Detected change in 'C:\\Users\\HP\\anaconda3\\anacondasharmi\\Lib\\site-packages\\joblib\\memory.py', reloading
[ 2024-09-28 20:39:15,035 ] 97 werkzeug - INFO -  * Detected change in 'C:\\Users\\HP\\anaconda3\\anacondasharmi\\Lib\\site-packages\\joblib\\logger.py', reloading
[ 2024-09-28 20:39:15,260 ] 97 werkzeug - INFO -  * Detected change in 'C:\\Users\\HP\\anaconda3\\anacondasharmi\\Lib\\site-packages\\scipy\\sparse\\__init__.py', reloading
[ 2024-09-28 20:39:15,260 ] 97 werkzeug - INFO -  * Detected change in 'C:\\Users\\HP\\anaconda3\\anacondasharmi\\Lib\\site-packages\\scipy\\sparse\\__init__.py', reloading
[ 2024-09-28 20:39:15,264 ] 97 werkzeug - INFO -  * Detected change in 'C:\\Users\\HP\\anaconda3\\anacondasharmi\\Lib\\site-packages\\scipy\\sparse\\_base.py', reloading
[ 2024-09-28 20:39:15,264 ] 97 werkzeug - INFO -  * Detected change in 'C:\\Users\\HP\\anaconda3\\anacondasharmi\\Lib\\site-packages\\scipy\\sparse\\_base.py', reloading
[ 2024-09-28 20:39:15,297 ] 97 werkzeug - INFO -  * Detected change in 'C:\\Users\\HP\\anaconda3\\anacondasharmi\\Lib\\site-packages\\scipy\\sparse\\_csr.py', reloading
[ 2024-09-28 20:39:15,297 ] 97 werkzeug - INFO -  * Detected change in 'C:\\Users\\HP\\anaconda3\\anacondasharmi\\Lib\\site-packages\\scipy\\sparse\\_csr.py', reloading
[ 2024-09-28 20:39:15,303 ] 97 werkzeug - INFO -  * Detected change in 'C:\\Users\\HP\\anaconda3\\anacondasharmi\\Lib\\site-packages\\scipy\\sparse\\_csc.py', reloading
[ 2024-09-28 20:39:15,314 ] 97 werkzeug - INFO -  * Detected change in 'C:\\Users\\HP\\anaconda3\\anacondasharmi\\Lib\\site-packages\\scipy\\sparse\\_lil.py', reloading
[ 2024-09-28 20:39:15,314 ] 97 werkzeug - INFO -  * Detected change in 'C:\\Users\\HP\\anaconda3\\anacondasharmi\\Lib\\site-packages\\scipy\\sparse\\_lil.py', reloading
[ 2024-09-28 20:39:15,314 ] 97 werkzeug - INFO -  * Detected change in 'C:\\Users\\HP\\anaconda3\\anacondasharmi\\Lib\\site-packages\\scipy\\sparse\\_lil.py', reloading
[ 2024-09-28 20:39:15,327 ] 97 werkzeug - INFO -  * Detected change in 'C:\\Users\\HP\\anaconda3\\anacondasharmi\\Lib\\site-packages\\scipy\\sparse\\_dok.py', reloading
[ 2024-09-28 20:39:15,337 ] 97 werkzeug - INFO -  * Detected change in 'C:\\Users\\HP\\anaconda3\\anacondasharmi\\Lib\\site-packages\\scipy\\sparse\\_coo.py', reloading
[ 2024-09-28 20:39:15,359 ] 97 werkzeug - INFO -  * Detected change in 'C:\\Users\\HP\\anaconda3\\anacondasharmi\\Lib\\site-packages\\scipy\\sparse\\_dia.py', reloading
[ 2024-09-28 20:39:15,359 ] 97 werkzeug - INFO -  * Detected change in 'C:\\Users\\HP\\anaconda3\\anacondasharmi\\Lib\\site-packages\\scipy\\sparse\\_dia.py', reloading
[ 2024-09-28 20:39:15,369 ] 97 werkzeug - INFO -  * Detected change in 'C:\\Users\\HP\\anaconda3\\anacondasharmi\\Lib\\site-packages\\scipy\\sparse\\_bsr.py', reloading
[ 2024-09-28 20:39:15,384 ] 97 werkzeug - INFO -  * Detected change in 'C:\\Users\\HP\\anaconda3\\anacondasharmi\\Lib\\site-packages\\scipy\\sparse\\_construct.py', reloading
[ 2024-09-28 20:39:15,406 ] 97 werkzeug - INFO -  * Detected change in 'C:\\Users\\HP\\anaconda3\\anacondasharmi\\Lib\\site-packages\\scipy\\sparse\\_extract.py', reloading
[ 2024-09-28 20:39:15,412 ] 97 werkzeug - INFO -  * Detected change in 'C:\\Users\\HP\\anaconda3\\anacondasharmi\\Lib\\site-packages\\scipy\\sparse\\_matrix_io.py', reloading
[ 2024-09-28 20:39:15,416 ] 97 werkzeug - INFO -  * Detected change in 'C:\\Users\\HP\\anaconda3\\anacondasharmi\\Lib\\site-packages\\scipy\\sparse\\_matrix.py', reloading
[ 2024-09-28 20:39:15,416 ] 97 werkzeug - INFO -  * Detected change in 'C:\\Users\\HP\\anaconda3\\anacondasharmi\\Lib\\site-packages\\scipy\\sparse\\_matrix.py', reloading
[ 2024-09-28 20:39:15,448 ] 97 werkzeug - INFO -  * Detected change in 'C:\\Users\\HP\\anaconda3\\anacondasharmi\\Lib\\site-packages\\numpy\\_typing\\_dtype_like.py', reloading
[ 2024-09-28 20:39:15,448 ] 97 werkzeug - INFO -  * Detected change in 'C:\\Users\\HP\\anaconda3\\anacondasharmi\\Lib\\site-packages\\numpy\\_typing\\_dtype_like.py', reloading
[ 2024-09-28 20:39:15,464 ] 97 werkzeug - INFO -  * Detected change in 'C:\\Users\\HP\\anaconda3\\anacondasharmi\\Lib\\site-packages\\numpy\\_typing\\_shape.py', reloading
[ 2024-09-28 20:39:15,464 ] 97 werkzeug - INFO -  * Detected change in 'C:\\Users\\HP\\anaconda3\\anacondasharmi\\Lib\\site-packages\\numpy\\_typing\\_shape.py', reloading
[ 2024-09-28 20:39:15,531 ] 97 werkzeug - INFO -  * Detected change in 'C:\\Users\\HP\\anaconda3\\anacondasharmi\\Lib\\dataclasses.py', reloading
[ 2024-09-28 20:39:15,531 ] 97 werkzeug - INFO -  * Detected change in 'C:\\Users\\HP\\anaconda3\\anacondasharmi\\Lib\\dataclasses.py', reloading
