[ 2024-09-29 18:16:38,290 ] 97 werkzeug - WARNING -  * Debugger is active!
[ 2024-09-29 18:16:38,298 ] 97 werkzeug - INFO -  * Debugger PIN: 379-281-516
[ 2024-09-29 18:16:38,558 ] 97 werkzeug - WARNING -  * Debugger is active!
[ 2024-09-29 18:16:38,565 ] 97 werkzeug - INFO -  * Debugger PIN: 379-281-516
[ 2024-09-29 18:16:39,077 ] 97 werkzeug - WARNING -  * Debugger is active!
[ 2024-09-29 18:16:39,084 ] 97 werkzeug - INFO -  * Debugger PIN: 379-281-516
[ 2024-09-29 18:16:41,626 ] 97 werkzeug - INFO - 127.0.0.1 - - [29/Sep/2024 18:16:41] "[35m[1mPOST / HTTP/1.1[0m" 500 -
[ 2024-09-29 18:16:41,706 ] 97 werkzeug - INFO - 127.0.0.1 - - [29/Sep/2024 18:16:41] "GET /?__debugger__=yes&cmd=resource&f=style.css HTTP/1.1" 200 -
[ 2024-09-29 18:16:41,706 ] 97 werkzeug - INFO - 127.0.0.1 - - [29/Sep/2024 18:16:41] "[36mGET /?__debugger__=yes&cmd=resource&f=debugger.js HTTP/1.1[0m" 304 -
[ 2024-09-29 18:16:41,721 ] 97 werkzeug - INFO - 127.0.0.1 - - [29/Sep/2024 18:16:41] "[36mGET /?__debugger__=yes&cmd=resource&f=console.png HTTP/1.1[0m" 304 -
[ 2024-09-29 18:18:57,377 ] 97 werkzeug - INFO -  * Detected change in 'D:\\DATA_SCIENCE_PROJECTS\\student_prediction_marks\\src\\components\\data_ingetsion.py', reloading
[ 2024-09-29 18:18:57,377 ] 97 werkzeug - INFO -  * Detected change in 'D:\\DATA_SCIENCE_PROJECTS\\student_prediction_marks\\src\\components\\data_ingetsion.py', reloading
[ 2024-09-29 18:18:57,379 ] 97 werkzeug - INFO -  * Detected change in 'D:\\DATA_SCIENCE_PROJECTS\\student_prediction_marks\\src\\components\\data_transformation.py', reloading
[ 2024-09-29 18:18:57,379 ] 97 werkzeug - INFO -  * Detected change in 'D:\\DATA_SCIENCE_PROJECTS\\student_prediction_marks\\src\\components\\data_transformation.py', reloading
[ 2024-09-29 18:18:57,383 ] 97 werkzeug - INFO -  * Detected change in 'C:\\Users\\HP\\anaconda3\\anacondasharmi\\Lib\\site-packages\\flask\\sansio\\app.py', reloading
[ 2024-09-29 18:18:57,406 ] 97 werkzeug - INFO -  * Detected change in 'C:\\Users\\HP\\anaconda3\\anacondasharmi\\Lib\\site-packages\\flask\\__init__.py', reloading
[ 2024-09-29 18:18:57,406 ] 97 werkzeug - INFO -  * Detected change in 'C:\\Users\\HP\\anaconda3\\anacondasharmi\\Lib\\site-packages\\flask\\sansio\\scaffold.py', reloading
[ 2024-09-29 18:18:57,406 ] 97 werkzeug - INFO -  * Detected change in 'C:\\Users\\HP\\anaconda3\\anacondasharmi\\Lib\\site-packages\\flask\\sansio\\scaffold.py', reloading
[ 2024-09-29 18:18:57,415 ] 97 werkzeug - INFO -  * Detected change in 'C:\\Users\\HP\\anaconda3\\anacondasharmi\\Lib\\site-packages\\flask\\wrappers.py', reloading
[ 2024-09-29 18:18:57,415 ] 97 werkzeug - INFO -  * Detected change in 'C:\\Users\\HP\\anaconda3\\anacondasharmi\\Lib\\site-packages\\flask\\wrappers.py', reloading
[ 2024-09-29 18:18:57,415 ] 97 werkzeug - INFO -  * Detected change in 'C:\\Users\\HP\\anaconda3\\anacondasharmi\\Lib\\site-packages\\flask\\wrappers.py', reloading
[ 2024-09-29 18:18:57,415 ] 97 werkzeug - INFO -  * Detected change in 'C:\\Users\\HP\\anaconda3\\anacondasharmi\\Lib\\site-packages\\flask\\globals.py', reloading
[ 2024-09-29 18:18:57,415 ] 97 werkzeug - INFO -  * Detected change in 'C:\\Users\\HP\\anaconda3\\anacondasharmi\\Lib\\site-packages\\flask\\globals.py', reloading
[ 2024-09-29 18:18:57,415 ] 97 werkzeug - INFO -  * Detected change in 'C:\\Users\\HP\\anaconda3\\anacondasharmi\\Lib\\site-packages\\werkzeug\\_internal.py', reloading
[ 2024-09-29 18:18:57,415 ] 97 werkzeug - INFO -  * Detected change in 'C:\\Users\\HP\\anaconda3\\anacondasharmi\\Lib\\site-packages\\werkzeug\\_internal.py', reloading
[ 2024-09-29 18:18:57,415 ] 97 werkzeug - INFO -  * Detected change in 'C:\\Users\\HP\\anaconda3\\anacondasharmi\\Lib\\site-packages\\werkzeug\\_internal.py', reloading
[ 2024-09-29 18:18:57,415 ] 97 werkzeug - INFO -  * Detected change in 'C:\\Users\\HP\\anaconda3\\anacondasharmi\\Lib\\site-packages\\werkzeug\\wrappers\\request.py', reloading
[ 2024-09-29 18:18:57,427 ] 97 werkzeug - INFO -  * Detected change in 'C:\\Users\\HP\\anaconda3\\anacondasharmi\\Lib\\site-packages\\werkzeug\\wrappers\\__init__.py', reloading
[ 2024-09-29 18:18:57,427 ] 97 werkzeug - INFO -  * Detected change in 'C:\\Users\\HP\\anaconda3\\anacondasharmi\\Lib\\site-packages\\werkzeug\\wrappers\\__init__.py', reloading
[ 2024-09-29 18:18:57,427 ] 97 werkzeug - INFO -  * Detected change in 'C:\\Users\\HP\\anaconda3\\anacondasharmi\\Lib\\site-packages\\werkzeug\\utils.py', reloading
[ 2024-09-29 18:18:57,427 ] 97 werkzeug - INFO -  * Detected change in 'C:\\Users\\HP\\anaconda3\\anacondasharmi\\Lib\\site-packages\\werkzeug\\utils.py', reloading
[ 2024-09-29 18:18:57,439 ] 97 werkzeug - INFO -  * Detected change in 'C:\\Users\\HP\\anaconda3\\anacondasharmi\\Lib\\site-packages\\werkzeug\\sansio\\request.py', reloading
[ 2024-09-29 18:18:57,439 ] 97 werkzeug - INFO -  * Detected change in 'C:\\Users\\HP\\anaconda3\\anacondasharmi\\Lib\\site-packages\\werkzeug\\sansio\\request.py', reloading
