[ 2024-09-28 20:41:44,812 ] 97 werkzeug - WARNING -  * Debugger is active!
[ 2024-09-28 20:41:44,816 ] 97 werkzeug - WARNING -  * Debugger is active!
[ 2024-09-28 20:41:44,820 ] 97 werkzeug - INFO -  * Debugger PIN: 379-281-516
[ 2024-09-28 20:41:44,820 ] 97 werkzeug - INFO -  * Debugger PIN: 379-281-516
[ 2024-09-28 20:41:45,039 ] 97 werkzeug - WARNING -  * Debugger is active!
[ 2024-09-28 20:41:45,048 ] 97 werkzeug - INFO -  * Debugger PIN: 379-281-516
[ 2024-09-28 20:42:06,139 ] 97 werkzeug - INFO - 127.0.0.1 - - [28/Sep/2024 20:42:06] "GET / HTTP/1.1" 200 -
[ 2024-09-28 20:43:07,055 ] 97 werkzeug - INFO -  * Detected change in 'C:\\Users\\HP\\anaconda3\\anacondasharmi\\Lib\\site-packages\\sklearn\\utils\\parallel.py', reloading
[ 2024-09-28 20:43:07,055 ] 97 werkzeug - INFO -  * Detected change in 'C:\\Users\\HP\\anaconda3\\anacondasharmi\\Lib\\site-packages\\sklearn\\utils\\parallel.py', reloading
[ 2024-09-28 20:43:07,067 ] 97 werkzeug - INFO -  * Detected change in 'C:\\Users\\HP\\anaconda3\\anacondasharmi\\Lib\\site-packages\\joblib\\parallel.py', reloading
[ 2024-09-28 20:43:07,067 ] 97 werkzeug - INFO -  * Detected change in 'C:\\Users\\HP\\anaconda3\\anacondasharmi\\Lib\\site-packages\\joblib\\parallel.py', reloading
[ 2024-09-28 20:43:07,070 ] 97 werkzeug - INFO -  * Detected change in 'C:\\Users\\HP\\anaconda3\\anacondasharmi\\Lib\\site-packages\\sklearn\\pipeline.py', reloading
[ 2024-09-28 20:43:07,070 ] 97 werkzeug - INFO -  * Detected change in 'C:\\Users\\HP\\anaconda3\\anacondasharmi\\Lib\\site-packages\\sklearn\\pipeline.py', reloading
[ 2024-09-28 20:43:07,070 ] 97 werkzeug - INFO -  * Detected change in 'C:\\Users\\HP\\anaconda3\\anacondasharmi\\Lib\\site-packages\\sklearn\\pipeline.py', reloading
[ 2024-09-28 20:43:07,070 ] 97 werkzeug - INFO -  * Detected change in 'C:\\Users\\HP\\anaconda3\\anacondasharmi\\Lib\\site-packages\\sklearn\\impute\\_base.py', reloading
[ 2024-09-28 20:43:07,070 ] 97 werkzeug - INFO -  * Detected change in 'C:\\Users\\HP\\anaconda3\\anacondasharmi\\Lib\\site-packages\\sklearn\\impute\\_base.py', reloading
[ 2024-09-28 20:43:07,076 ] 97 werkzeug - INFO -  * Detected change in 'C:\\Users\\HP\\anaconda3\\anacondasharmi\\Lib\\site-packages\\sklearn\\utils\\validation.py', reloading
[ 2024-09-28 20:43:07,076 ] 97 werkzeug - INFO -  * Detected change in 'C:\\Users\\HP\\anaconda3\\anacondasharmi\\Lib\\site-packages\\sklearn\\utils\\validation.py', reloading
[ 2024-09-28 20:43:07,079 ] 97 werkzeug - INFO -  * Detected change in 'C:\\Users\\HP\\anaconda3\\anacondasharmi\\Lib\\site-packages\\sklearn\\utils\\_array_api.py', reloading
[ 2024-09-28 20:43:07,079 ] 97 werkzeug - INFO -  * Detected change in 'C:\\Users\\HP\\anaconda3\\anacondasharmi\\Lib\\site-packages\\sklearn\\utils\\_array_api.py', reloading
[ 2024-09-28 20:43:07,135 ] 97 werkzeug - INFO -  * Detected change in 'C:\\Users\\HP\\anaconda3\\anacondasharmi\\Lib\\site-packages\\pandas\\core\\generic.py', reloading
[ 2024-09-28 20:43:07,139 ] 97 werkzeug - INFO -  * Detected change in 'C:\\Users\\HP\\anaconda3\\anacondasharmi\\Lib\\site-packages\\pandas\\core\\generic.py', reloading
[ 2024-09-28 20:43:07,143 ] 97 werkzeug - INFO - 127.0.0.1 - - [28/Sep/2024 20:43:07] "[35m[1mPOST / HTTP/1.1[0m" 500 -
[ 2024-09-28 20:43:07,289 ] 97 werkzeug - INFO - 127.0.0.1 - - [28/Sep/2024 20:43:07] "GET /?__debugger__=yes&cmd=resource&f=style.css HTTP/1.1" 200 -
[ 2024-09-28 20:43:07,301 ] 97 werkzeug - INFO - 127.0.0.1 - - [28/Sep/2024 20:43:07] "GET /?__debugger__=yes&cmd=resource&f=debugger.js HTTP/1.1" 200 -
[ 2024-09-28 20:43:07,348 ] 97 werkzeug - INFO - 127.0.0.1 - - [28/Sep/2024 20:43:07] "GET /?__debugger__=yes&cmd=resource&f=console.png HTTP/1.1" 200 -
