[ 2024-09-28 20:31:14,337 ] 97 werkzeug - INFO - [31m[1mWARNING: This is a development server. Do not use it in a production deployment. Use a production WSGI server instead.[0m
 * Running on all addresses (0.0.0.0)
 * Running on http://127.0.0.1:5000
 * Running on http://192.168.48.203:5000
[ 2024-09-28 20:31:14,337 ] 97 werkzeug - INFO - [33mPress CTRL+C to quit[0m
[ 2024-09-28 20:31:14,379 ] 97 werkzeug - INFO -  * Restarting with watchdog (windowsapi)
[ 2024-09-28 20:35:17,829 ] 97 werkzeug - INFO -  * Restarting with watchdog (windowsapi)
[ 2024-09-28 20:36:36,029 ] 97 werkzeug - INFO -  * Restarting with watchdog (windowsapi)
[ 2024-09-28 20:38:02,966 ] 97 werkzeug - INFO -  * Restarting with watchdog (windowsapi)
[ 2024-09-28 20:39:15,848 ] 97 werkzeug - INFO -  * Restarting with watchdog (windowsapi)
[ 2024-09-28 20:40:40,833 ] 97 werkzeug - INFO -  * Restarting with watchdog (windowsapi)
[ 2024-09-28 20:41:26,642 ] 97 werkzeug - INFO -  * Restarting with watchdog (windowsapi)
[ 2024-09-28 20:41:41,417 ] 97 werkzeug - INFO -  * Restarting with watchdog (windowsapi)
[ 2024-09-28 20:43:07,760 ] 97 werkzeug - INFO -  * Restarting with watchdog (windowsapi)
[ 2024-09-28 20:46:13,444 ] 97 werkzeug - INFO -  * Restarting with watchdog (windowsapi)
[ 2024-09-28 20:48:15,716 ] 97 werkzeug - INFO -  * Restarting with watchdog (windowsapi)
[ 2024-09-28 20:48:51,907 ] 97 werkzeug - INFO -  * Restarting with watchdog (windowsapi)
[ 2024-09-28 20:49:10,351 ] 97 werkzeug - INFO -  * Restarting with watchdog (windowsapi)
[ 2024-09-28 20:52:08,084 ] 97 werkzeug - INFO -  * Restarting with watchdog (windowsapi)
[ 2024-09-28 20:53:32,920 ] 97 werkzeug - INFO -  * Restarting with watchdog (windowsapi)
[ 2024-09-28 21:00:18,787 ] 97 werkzeug - INFO -  * Restarting with watchdog (windowsapi)
[ 2024-09-28 21:02:57,792 ] 97 werkzeug - INFO -  * Restarting with watchdog (windowsapi)
[ 2024-09-28 21:03:11,936 ] 97 werkzeug - INFO -  * Restarting with watchdog (windowsapi)
[ 2024-09-28 21:04:09,451 ] 97 werkzeug - INFO -  * Restarting with watchdog (windowsapi)
[ 2024-09-28 21:19:06,071 ] 97 werkzeug - INFO -  * Restarting with watchdog (windowsapi)
[ 2024-09-28 21:22:01,931 ] 97 werkzeug - INFO -  * Restarting with watchdog (windowsapi)
[ 2024-09-28 21:24:50,106 ] 97 werkzeug - INFO -  * Restarting with watchdog (windowsapi)
[ 2024-09-28 21:25:40,403 ] 97 werkzeug - INFO -  * Restarting with watchdog (windowsapi)
[ 2024-09-28 21:25:47,609 ] 97 werkzeug - INFO -  * Restarting with watchdog (windowsapi)
