[ 2024-09-28 20:34:21,156 ] 97 werkzeug - INFO - [31m[1mWARNING: This is a development server. Do not use it in a production deployment. Use a production WSGI server instead.[0m
 * Running on all addresses (0.0.0.0)
 * Running on http://127.0.0.1:5000
 * Running on http://192.168.48.203:5000
[ 2024-09-28 20:34:21,157 ] 97 werkzeug - INFO - [33mPress CTRL+C to quit[0m
[ 2024-09-28 20:34:21,173 ] 97 werkzeug - INFO -  * Restarting with watchdog (windowsapi)
[ 2024-09-28 20:35:17,860 ] 97 werkzeug - INFO -  * Restarting with watchdog (windowsapi)
[ 2024-09-28 20:36:36,055 ] 97 werkzeug - INFO -  * Restarting with watchdog (windowsapi)
[ 2024-09-28 20:38:02,966 ] 97 werkzeug - INFO -  * Restarting with watchdog (windowsapi)
[ 2024-09-28 20:39:15,848 ] 97 werkzeug - INFO -  * Restarting with watchdog (windowsapi)
[ 2024-09-28 20:40:40,820 ] 97 werkzeug - INFO -  * Restarting with watchdog (windowsapi)
[ 2024-09-28 20:41:26,675 ] 97 werkzeug - INFO -  * Restarting with watchdog (windowsapi)
[ 2024-09-28 20:41:41,417 ] 97 werkzeug - INFO -  * Restarting with watchdog (windowsapi)
[ 2024-09-28 20:43:07,744 ] 97 werkzeug - INFO -  * Restarting with watchdog (windowsapi)
[ 2024-09-28 20:46:13,430 ] 97 werkzeug - INFO -  * Restarting with watchdog (windowsapi)
[ 2024-09-28 20:48:15,716 ] 97 werkzeug - INFO -  * Restarting with watchdog (windowsapi)
[ 2024-09-28 20:48:51,915 ] 97 werkzeug - INFO -  * Restarting with watchdog (windowsapi)
[ 2024-09-28 20:49:10,311 ] 97 werkzeug - INFO -  * Restarting with watchdog (windowsapi)
[ 2024-09-28 20:52:09,185 ] 97 werkzeug - INFO -  * Restarting with watchdog (windowsapi)
[ 2024-09-28 20:53:32,582 ] 97 werkzeug - INFO -  * Restarting with watchdog (windowsapi)
[ 2024-09-28 21:00:18,771 ] 97 werkzeug - INFO -  * Restarting with watchdog (windowsapi)
[ 2024-09-28 21:02:57,856 ] 97 werkzeug - INFO -  * Restarting with watchdog (windowsapi)
[ 2024-09-28 21:03:11,917 ] 97 werkzeug - INFO -  * Restarting with watchdog (windowsapi)
[ 2024-09-28 21:04:09,509 ] 97 werkzeug - INFO -  * Restarting with watchdog (windowsapi)
[ 2024-09-28 21:19:06,033 ] 97 werkzeug - INFO -  * Restarting with watchdog (windowsapi)
[ 2024-09-28 21:22:01,974 ] 97 werkzeug - INFO -  * Restarting with watchdog (windowsapi)
[ 2024-09-28 21:24:50,179 ] 97 werkzeug - INFO -  * Restarting with watchdog (windowsapi)
[ 2024-09-28 21:25:40,378 ] 97 werkzeug - INFO -  * Restarting with watchdog (windowsapi)
[ 2024-09-28 21:25:47,593 ] 97 werkzeug - INFO -  * Restarting with watchdog (windowsapi)
